2026-07-04 14:31:53,476 | INFO | ============================================================
2026-07-04 14:31:53,476 | INFO | Starting Jarvis AI OS
2026-07-04 14:31:53,476 | INFO | ============================================================
2026-07-04 14:31:53,489 | INFO | Brain Initialized
2026-07-04 14:31:53,489 | INFO | Brain Initialized
2026-07-04 14:31:53,489 | INFO | Jarvis Ready
2026-07-04 14:31:53,489 | INFO | Jarvis Ready
2026-07-04 14:35:24,627 | INFO | ============================================================
2026-07-04 14:35:24,638 | INFO | Starting Jarvis AI OS
2026-07-04 14:35:24,638 | INFO | ============================================================
2026-07-04 14:35:24,662 | INFO | Brain Initializing...
2026-07-04 14:35:24,662 | INFO | Brain Initializing...
2026-07-04 14:35:24,662 | INFO | Brain Ready
2026-07-04 14:35:24,662 | INFO | Brain Ready
2026-07-04 14:41:49,987 | INFO | ============================================================
2026-07-04 14:41:49,987 | INFO | Starting Jarvis AI OS
2026-07-04 14:41:49,987 | INFO | ============================================================
2026-07-04 14:41:51,476 | INFO | Brain Initializing...
2026-07-04 14:41:51,476 | INFO | Brain Initializing...
2026-07-04 14:41:51,476 | INFO | Brain Ready
2026-07-04 14:41:51,476 | INFO | Brain Ready
